Loading composer repositories with package information
Updating dependencies
Lock file operations: 126 installs, 0 updates, 0 removals
  - Locking brick/math (0.14.0)
  - Locking carbonphp/carbon-doctrine-types (3.2.0)
  - Locking composer/pcre (3.3.2)
  - Locking composer/semver (3.4.4)
  - Locking dflydev/dot-access-data (v3.0.3)
  - Locking doctrine/inflector (2.1.0)
  - Locking doctrine/lexer (3.0.1)
  - Locking dragonmantank/cron-expression (v3.4.0)
  - Locking egulias/email-validator (4.0.4)
  - Locking ezyang/htmlpurifier (v4.18.0)
  - Locking fakerphp/faker (v1.24.1)
  - Locking filp/whoops (2.18.4)
  - Locking fruitcake/php-cors (v1.3.0)
  - Locking graham-campbell/result-type (v1.1.3)
  - Locking guzzlehttp/guzzle (7.10.0)
  - Locking guzzlehttp/promises (2.3.0)
  - Locking guzzlehttp/psr7 (2.8.0)
  - Locking guzzlehttp/uri-template (v1.0.5)
  - Locking hamcrest/hamcrest-php (v2.1.1)
  - Locking laravel/framework (v12.34.0)
  - Locking laravel/horizon (v5.36.0)
  - Locking laravel/prompts (v0.3.7)
  - Locking laravel/sail (v1.46.0)
  - Locking laravel/sanctum (v4.2.0)
  - Locking laravel/serializable-closure (v2.0.6)
  - Locking laravel/tinker (v2.10.1)
  - Locking league/commonmark (2.7.1)
  - Locking league/config (v1.2.0)
  - Locking league/flysystem (3.30.0)
  - Locking league/flysystem-local (3.30.0)
  - Locking league/mime-type-detection (1.16.0)
  - Locking league/uri (7.5.1)
  - Locking league/uri-interfaces (7.5.0)
  - Locking maatwebsite/excel (3.1.67)
  - Locking maennchen/zipstream-php (3.2.0)
  - Locking markbaker/complex (3.0.2)
  - Locking markbaker/matrix (3.0.1)
  - Locking mockery/mockery (1.6.12)
  - Locking monolog/monolog (3.9.0)
  - Locking myclabs/deep-copy (1.13.4)
  - Locking nesbot/carbon (3.10.3)
  - Locking nette/schema (v1.3.2)
  - Locking nette/utils (v4.0.8)
  - Locking nikic/php-parser (v5.6.1)
  - Locking nunomaduro/collision (v8.8.2)
  - Locking nunomaduro/termwind (v2.3.1)
  - Locking phar-io/manifest (2.0.4)
  - Locking phar-io/version (3.2.1)
  - Locking phpoffice/phpspreadsheet (1.30.0)
  - Locking phpoption/phpoption (1.9.4)
  - Locking phpunit/php-code-coverage (11.0.11)
  - Locking phpunit/php-file-iterator (5.1.0)
  - Locking phpunit/php-invoker (5.0.1)
  - Locking phpunit/php-text-template (4.0.1)
  - Locking phpunit/php-timer (7.0.1)
  - Locking phpunit/phpunit (11.5.42)
  - Locking psr/clock (1.0.0)
  - Locking psr/container (2.0.2)
  - Locking psr/event-dispatcher (1.0.0)
  - Locking psr/http-client (1.0.3)
  - Locking psr/http-factory (1.1.0)
  - Locking psr/http-message (2.0)
  - Locking psr/log (3.0.2)
  - Locking psr/simple-cache (3.0.0)
  - Locking psy/psysh (v0.12.12)
  - Locking ralouphie/getallheaders (3.0.3)
  - Locking ramsey/collection (2.1.1)
  - Locking ramsey/uuid (4.9.1)
  - Locking sebastian/cli-parser (3.0.2)
  - Locking sebastian/code-unit (3.0.3)
  - Locking sebastian/code-unit-reverse-lookup (4.0.1)
  - Locking sebastian/comparator (6.3.2)
  - Locking sebastian/complexity (4.0.1)
  - Locking sebastian/diff (6.0.2)
  - Locking sebastian/environment (7.2.1)
  - Locking sebastian/exporter (6.3.2)
  - Locking sebastian/global-state (7.0.2)
  - Locking sebastian/lines-of-code (3.0.1)
  - Locking sebastian/object-enumerator (6.0.1)
  - Locking sebastian/object-reflector (4.0.1)
  - Locking sebastian/recursion-context (6.0.3)
  - Locking sebastian/type (5.1.3)
  - Locking sebastian/version (5.0.2)
  - Locking spatie/backtrace (1.8.1)
  - Locking spatie/error-solutions (1.1.3)
  - Locking spatie/flare-client-php (1.10.1)
  - Locking spatie/ignition (1.15.1)
  - Locking spatie/laravel-ignition (2.9.1)
  - Locking staabm/side-effects-detector (1.0.5)
  - Locking symfony/brevo-mailer (v7.3.2)
  - Locking symfony/clock (v7.3.0)
  - Locking symfony/console (v7.3.4)
  - Locking symfony/css-selector (v7.3.0)
  - Locking symfony/deprecation-contracts (v3.6.0)
  - Locking symfony/error-handler (v7.3.4)
  - Locking symfony/event-dispatcher (v7.3.3)
  - Locking symfony/event-dispatcher-contracts (v3.6.0)
  - Locking symfony/finder (v7.3.2)
  - Locking symfony/http-foundation (v7.3.4)
  - Locking symfony/http-kernel (v7.3.4)
  - Locking symfony/mailer (v7.3.4)
  - Locking symfony/mime (v7.3.4)
  - Locking symfony/polyfill-ctype (v1.33.0)
  - Locking symfony/polyfill-intl-grapheme (v1.33.0)
  - Locking symfony/polyfill-intl-idn (v1.33.0)
  - Locking symfony/polyfill-intl-normalizer (v1.33.0)
  - Locking symfony/polyfill-mbstring (v1.33.0)
  - Locking symfony/polyfill-php80 (v1.33.0)
  - Locking symfony/polyfill-php83 (v1.33.0)
  - Locking symfony/polyfill-php84 (v1.33.0)
  - Locking symfony/polyfill-php85 (v1.33.0)
  - Locking symfony/polyfill-uuid (v1.33.0)
  - Locking symfony/process (v7.3.4)
  - Locking symfony/routing (v7.3.4)
  - Locking symfony/service-contracts (v3.6.0)
  - Locking symfony/string (v7.3.4)
  - Locking symfony/translation (v7.3.4)
  - Locking symfony/translation-contracts (v3.6.0)
  - Locking symfony/uid (v7.3.1)
  - Locking symfony/var-dumper (v7.3.4)
  - Locking symfony/yaml (v7.3.3)
  - Locking theseer/tokenizer (1.2.3)
  - Locking tijsverkoyen/css-to-inline-styles (v2.3.0)
  - Locking vlucas/phpdotenv (v5.6.2)
  - Locking voku/portable-ascii (2.0.3)
  - Locking webmozart/assert (1.11.0)
Writing lock file
Installing dependencies from lock file (including require-dev)
Package operations: 9 installs, 99 updates, 3 removals
  - Downloading doctrine/inflector (2.1.0)
  - Downloading symfony/polyfill-ctype (v1.33.0)
  - Downloading dragonmantank/cron-expression (v3.4.0)
  - Downloading symfony/deprecation-contracts (v3.6.0)
  - Downloading fakerphp/faker (v1.24.1)
  - Downloading symfony/polyfill-php83 (v1.33.0)
  - Downloading symfony/polyfill-mbstring (v1.33.0)
  - Downloading symfony/http-foundation (v7.3.4)
  - Downloading guzzlehttp/psr7 (2.8.0)
  - Downloading guzzlehttp/promises (2.3.0)
  - Downloading guzzlehttp/guzzle (7.10.0)
  - Downloading symfony/polyfill-php80 (v1.33.0)
  - Downloading guzzlehttp/uri-template (v1.0.5)
  - Downloading symfony/process (v7.3.4)
  - Downloading symfony/var-dumper (v7.3.4)
  - Downloading psr/log (3.0.2)
  - Downloading symfony/error-handler (v7.3.4)
  - Downloading symfony/polyfill-intl-normalizer (v1.33.0)
  - Downloading symfony/polyfill-intl-grapheme (v1.33.0)
  - Downloading symfony/string (v7.3.4)
  - Downloading symfony/service-contracts (v3.6.0)
  - Downloading symfony/console (v7.3.4)
  - Downloading ramsey/collection (2.1.1)
  - Downloading brick/math (0.14.0)
  - Downloading ramsey/uuid (4.9.1)
  - Downloading symfony/translation-contracts (v3.6.0)
  - Downloading symfony/translation (v7.3.4)
  - Downloading symfony/clock (v7.3.0)
  - Downloading nesbot/carbon (3.10.3)
  - Downloading voku/portable-ascii (2.0.3)
  - Downloading phpoption/phpoption (1.9.4)
  - Downloading graham-campbell/result-type (v1.1.3)
  - Downloading vlucas/phpdotenv (v5.6.2)
  - Downloading symfony/css-selector (v7.3.0)
  - Downloading tijsverkoyen/css-to-inline-styles (v2.3.0)
  - Downloading symfony/polyfill-uuid (v1.33.0)
  - Downloading symfony/uid (v7.3.1)
  - Downloading symfony/routing (v7.3.4)
  - Downloading symfony/polyfill-php85 (v1.33.0)
  - Downloading symfony/polyfill-php84 (v1.33.0)
  - Downloading symfony/polyfill-intl-idn (v1.33.0)
  - Downloading symfony/mime (v7.3.4)
  - Downloading symfony/event-dispatcher-contracts (v3.6.0)
  - Downloading symfony/event-dispatcher (v7.3.3)
  - Downloading egulias/email-validator (4.0.4)
  - Downloading symfony/mailer (v7.3.4)
  - Downloading symfony/http-kernel (v7.3.4)
  - Downloading symfony/finder (v7.3.2)
  - Downloading psr/simple-cache (3.0.0)
  - Downloading nunomaduro/termwind (v2.3.1)
  - Downloading monolog/monolog (3.9.0)
  - Downloading league/uri-interfaces (7.5.0)
  - Downloading league/uri (7.5.1)
  - Downloading league/mime-type-detection (1.16.0)
  - Downloading league/flysystem-local (3.30.0)
  - Downloading league/flysystem (3.30.0)
  - Downloading nette/utils (v4.0.8)
  - Downloading nette/schema (v1.3.2)
  - Downloading dflydev/dot-access-data (v3.0.3)
  - Downloading league/commonmark (2.7.1)
  - Downloading laravel/serializable-closure (v2.0.6)
  - Downloading laravel/prompts (v0.3.7)
  - Downloading laravel/framework (v12.34.0)
  - Downloading laravel/horizon (v5.36.0)
  - Downloading symfony/yaml (v7.3.3)
  - Downloading laravel/sail (v1.46.0)
  - Downloading laravel/sanctum (v4.2.0)
  - Downloading nikic/php-parser (v5.6.1)
  - Downloading psy/psysh (v0.12.12)
  - Downloading laravel/tinker (v2.10.1)
  - Downloading maennchen/zipstream-php (3.2.0)
  - Downloading ezyang/htmlpurifier (v4.18.0)
  - Downloading composer/pcre (3.3.2)
  - Downloading phpoffice/phpspreadsheet (1.30.0)
  - Downloading composer/semver (3.4.4)
  - Downloading maatwebsite/excel (3.1.67)
  - Downloading hamcrest/hamcrest-php (v2.1.1)
  - Downloading filp/whoops (2.18.4)
  - Downloading nunomaduro/collision (v8.8.2)
  - Downloading staabm/side-effects-detector (1.0.5)
  - Downloading sebastian/version (5.0.2)
  - Downloading sebastian/type (5.1.3)
  - Downloading sebastian/recursion-context (6.0.3)
  - Downloading sebastian/object-reflector (4.0.1)
  - Downloading sebastian/object-enumerator (6.0.1)
  - Downloading sebastian/global-state (7.0.2)
  - Downloading sebastian/exporter (6.3.2)
  - Downloading sebastian/environment (7.2.1)
  - Downloading sebastian/diff (6.0.2)
  - Downloading sebastian/comparator (6.3.2)
  - Downloading sebastian/code-unit (3.0.3)
  - Downloading sebastian/cli-parser (3.0.2)
  - Downloading phpunit/php-timer (7.0.1)
  - Downloading phpunit/php-text-template (4.0.1)
  - Downloading phpunit/php-invoker (5.0.1)
  - Downloading phpunit/php-file-iterator (5.1.0)
  - Downloading sebastian/lines-of-code (3.0.1)
  - Downloading sebastian/complexity (4.0.1)
  - Downloading sebastian/code-unit-reverse-lookup (4.0.1)
  - Downloading phpunit/php-code-coverage (11.0.11)
  - Downloading myclabs/deep-copy (1.13.4)
  - Downloading phpunit/phpunit (11.5.42)
  - Downloading spatie/error-solutions (1.1.3)
  - Downloading spatie/backtrace (1.8.1)
  - Downloading spatie/flare-client-php (1.10.1)
  - Downloading spatie/ignition (1.15.1)
  - Downloading spatie/laravel-ignition (2.9.1)
  - Downloading symfony/brevo-mailer (v7.3.2)
   0/108 [>---------------------------]   0%
   1/108 [>---------------------------]   0%
  10/108 [==>-------------------------]   9%
  14/108 [===>------------------------]  12%
  22/108 [=====>----------------------]  20%
  27/108 [=======>--------------------]  25%
  33/108 [========>-------------------]  30%
  38/108 [=========>------------------]  35%
  45/108 [===========>----------------]  41%
  56/108 [==============>-------------]  51%
  62/108 [================>-----------]  57%
  64/108 [================>-----------]  59%
  65/108 [================>-----------]  60%
  69/108 [=================>----------]  63%
  70/108 [==================>---------]  64%
  76/108 [===================>--------]  70%
  81/108 [=====================>------]  75%
  88/108 [======================>-----]  81%
  93/108 [========================>---]  86%
  98/108 [=========================>--]  90%
 102/108 [==========================>-]  94%
 107/108 [===========================>]  99%
 108/108 [============================] 100%
  - Removing symfony/polyfill-php72 (v1.30.0)
  - Removing sebastian/resource-operations (3.0.4)
  - Removing doctrine/instantiator (2.0.0)
  - Upgrading doctrine/inflector (2.0.10 => 2.1.0): Extracting archive
  - Upgrading symfony/polyfill-ctype (v1.30.0 => v1.33.0): Extracting archive
  - Upgrading dragonmantank/cron-expression (v3.3.3 => v3.4.0): Extracting archive
  - Upgrading symfony/deprecation-contracts (v3.5.0 => v3.6.0): Extracting archive
  - Upgrading fakerphp/faker (v1.23.1 => v1.24.1): Extracting archive
  - Upgrading symfony/polyfill-php83 (v1.30.0 => v1.33.0): Extracting archive
  - Upgrading symfony/polyfill-mbstring (v1.30.0 => v1.33.0): Extracting archive
  - Upgrading symfony/http-foundation (v6.4.8 => v7.3.4): Extracting archive
  - Upgrading guzzlehttp/psr7 (2.6.2 => 2.8.0): Extracting archive
  - Upgrading guzzlehttp/promises (2.0.2 => 2.3.0): Extracting archive
  - Upgrading guzzlehttp/guzzle (7.8.1 => 7.10.0): Extracting archive
  - Upgrading symfony/polyfill-php80 (v1.30.0 => v1.33.0): Extracting archive
  - Upgrading guzzlehttp/uri-template (v1.0.3 => v1.0.5): Extracting archive
  - Upgrading symfony/process (v6.4.8 => v7.3.4): Extracting archive
  - Upgrading symfony/var-dumper (v6.4.9 => v7.3.4): Extracting archive
  - Upgrading psr/log (3.0.0 => 3.0.2): Extracting archive
  - Upgrading symfony/error-handler (v6.4.9 => v7.3.4): Extracting archive
  - Upgrading symfony/polyfill-intl-normalizer (v1.30.0 => v1.33.0): Extracting archive
  - Upgrading symfony/polyfill-intl-grapheme (v1.30.0 => v1.33.0): Extracting archive
  - Upgrading symfony/string (v6.4.9 => v7.3.4): Extracting archive
  - Upgrading symfony/service-contracts (v3.5.0 => v3.6.0): Extracting archive
  - Upgrading symfony/console (v6.4.9 => v7.3.4): Extracting archive
  - Upgrading ramsey/collection (2.0.0 => 2.1.1): Extracting archive
  - Upgrading brick/math (0.11.0 => 0.14.0): Extracting archive
  - Upgrading ramsey/uuid (4.7.6 => 4.9.1): Extracting archive
  - Upgrading symfony/translation-contracts (v3.5.0 => v3.6.0): Extracting archive
  - Upgrading symfony/translation (v6.4.8 => v7.3.4): Extracting archive
  - Installing symfony/clock (v7.3.0): Extracting archive
  - Upgrading nesbot/carbon (2.72.5 => 3.10.3): Extracting archive
  - Upgrading voku/portable-ascii (2.0.1 => 2.0.3): Extracting archive
  - Upgrading phpoption/phpoption (1.9.2 => 1.9.4): Extracting archive
  - Upgrading graham-campbell/result-type (v1.1.2 => v1.1.3): Extracting archive
  - Upgrading vlucas/phpdotenv (v5.6.0 => v5.6.2): Extracting archive
  - Upgrading symfony/css-selector (v6.4.8 => v7.3.0): Extracting archive
  - Upgrading tijsverkoyen/css-to-inline-styles (v2.2.7 => v2.3.0): Extracting archive
  - Upgrading symfony/polyfill-uuid (v1.30.0 => v1.33.0): Extracting archive
  - Upgrading symfony/uid (v6.4.8 => v7.3.1): Extracting archive
  - Upgrading symfony/routing (v6.4.8 => v7.3.4): Extracting archive
  - Installing symfony/polyfill-php85 (v1.33.0): Extracting archive
  - Installing symfony/polyfill-php84 (v1.33.0): Extracting archive
  - Upgrading symfony/polyfill-intl-idn (v1.30.0 => v1.33.0): Extracting archive
  - Upgrading symfony/mime (v6.4.9 => v7.3.4): Extracting archive
  - Upgrading symfony/event-dispatcher-contracts (v3.5.0 => v3.6.0): Extracting archive
  - Upgrading symfony/event-dispatcher (v6.4.8 => v7.3.3): Extracting archive
  - Upgrading egulias/email-validator (4.0.2 => 4.0.4): Extracting archive
  - Upgrading symfony/mailer (v6.4.9 => v7.3.4): Extracting archive
  - Upgrading symfony/http-kernel (v6.4.9 => v7.3.4): Extracting archive
  - Upgrading symfony/finder (v6.4.8 => v7.3.2): Extracting archive
  - Upgrading psr/simple-cache (2.0.0 => 3.0.0): Extracting archive
  - Upgrading nunomaduro/termwind (v1.15.1 => v2.3.1): Extracting archive
  - Upgrading monolog/monolog (2.9.3 => 3.9.0): Extracting archive
  - Installing league/uri-interfaces (7.5.0): Extracting archive
  - Installing league/uri (7.5.1): Extracting archive
  - Upgrading league/mime-type-detection (1.15.0 => 1.16.0): Extracting archive
  - Upgrading league/flysystem-local (3.28.0 => 3.30.0): Extracting archive
  - Upgrading league/flysystem (3.28.0 => 3.30.0): Extracting archive
  - Upgrading nette/utils (v4.0.4 => v4.0.8): Extracting archive
  - Upgrading nette/schema (v1.3.0 => v1.3.2): Extracting archive
  - Upgrading dflydev/dot-access-data (v3.0.2 => v3.0.3): Extracting archive
  - Upgrading league/commonmark (2.4.2 => 2.7.1): Extracting archive
  - Upgrading laravel/serializable-closure (v1.3.3 => v2.0.6): Extracting archive
  - Installing laravel/prompts (v0.3.7): Extracting archive
  - Upgrading laravel/framework (v9.52.16 => v12.34.0): Extracting archive
  - Upgrading laravel/horizon (v5.34.0 => v5.36.0): Extracting archive
  - Upgrading symfony/yaml (v6.4.8 => v7.3.3): Extracting archive
  - Upgrading laravel/sail (v1.30.1 => v1.46.0): Extracting archive
  - Upgrading laravel/sanctum (v2.15.1 => v4.2.0): Extracting archive
  - Upgrading nikic/php-parser (v5.1.0 => v5.6.1): Extracting archive
  - Upgrading psy/psysh (v0.12.4 => v0.12.12): Extracting archive
  - Upgrading laravel/tinker (v2.9.0 => v2.10.1): Extracting archive
  - Upgrading maennchen/zipstream-php (3.1.0 => 3.2.0): Extracting archive
  - Upgrading ezyang/htmlpurifier (v4.17.0 => v4.18.0): Extracting archive
  - Installing composer/pcre (3.3.2): Extracting archive
  - Upgrading phpoffice/phpspreadsheet (1.29.0 => 1.30.0): Extracting archive
  - Upgrading composer/semver (3.4.0 => 3.4.4): Extracting archive
  - Upgrading maatwebsite/excel (3.1.55 => 3.1.67): Extracting archive
  - Upgrading hamcrest/hamcrest-php (v2.0.1 => v2.1.1): Extracting archive
  - Upgrading filp/whoops (2.15.4 => 2.18.4): Extracting archive
  - Upgrading nunomaduro/collision (v6.4.0 => v8.8.2): Extracting archive
  - Installing staabm/side-effects-detector (1.0.5): Extracting archive
  - Upgrading sebastian/version (3.0.2 => 5.0.2): Extracting archive
  - Upgrading sebastian/type (3.2.1 => 5.1.3): Extracting archive
  - Upgrading sebastian/recursion-context (4.0.5 => 6.0.3): Extracting archive
  - Upgrading sebastian/object-reflector (2.0.4 => 4.0.1): Extracting archive
  - Upgrading sebastian/object-enumerator (4.0.4 => 6.0.1): Extracting archive
  - Upgrading sebastian/global-state (5.0.7 => 7.0.2): Extracting archive
  - Upgrading sebastian/exporter (4.0.6 => 6.3.2): Extracting archive
  - Upgrading sebastian/environment (5.1.5 => 7.2.1): Extracting archive
  - Upgrading sebastian/diff (4.0.6 => 6.0.2): Extracting archive
  - Upgrading sebastian/comparator (4.0.8 => 6.3.2): Extracting archive
  - Upgrading sebastian/code-unit (1.0.8 => 3.0.3): Extracting archive
  - Upgrading sebastian/cli-parser (1.0.2 => 3.0.2): Extracting archive
  - Upgrading phpunit/php-timer (5.0.3 => 7.0.1): Extracting archive
  - Upgrading phpunit/php-text-template (2.0.4 => 4.0.1): Extracting archive
  - Upgrading phpunit/php-invoker (3.1.1 => 5.0.1): Extracting archive
  - Upgrading phpunit/php-file-iterator (3.0.6 => 5.1.0): Extracting archive
  - Upgrading sebastian/lines-of-code (1.0.4 => 3.0.1): Extracting archive
  - Upgrading sebastian/complexity (2.0.3 => 4.0.1): Extracting archive
  - Upgrading sebastian/code-unit-reverse-lookup (2.0.3 => 4.0.1): Extracting archive
  - Upgrading phpunit/php-code-coverage (9.2.31 => 11.0.11): Extracting archive
  - Upgrading myclabs/deep-copy (1.12.0 => 1.13.4): Extracting archive
  - Upgrading phpunit/phpunit (9.6.19 => 11.5.42): Extracting archive
  - Installing spatie/error-solutions (1.1.3): Extracting archive
  - Upgrading spatie/backtrace (1.6.1 => 1.8.1): Extracting archive
  - Upgrading spatie/flare-client-php (1.7.0 => 1.10.1): Extracting archive
  - Upgrading spatie/ignition (1.14.2 => 1.15.1): Extracting archive
  - Upgrading spatie/laravel-ignition (1.7.0 => 2.9.1): Extracting archive
  - Upgrading symfony/brevo-mailer (v7.1.4 => v7.3.2): Extracting archive
   0/108 [>---------------------------]   0%
  14/108 [===>------------------------]  12%
  24/108 [======>---------------------]  22%
  34/108 [========>-------------------]  31%
  44/108 [===========>----------------]  40%
  54/108 [==============>-------------]  50%
  66/108 [=================>----------]  61%
  76/108 [===================>--------]  70%
  90/108 [=======================>----]  83%
 100/108 [=========================>--]  92%
 108/108 [============================] 100%
53 package suggestions were added by new dependencies, use `composer suggest` to see details.
Generating optimized autoload files
> Illuminate\Foundation\ComposerScripts::postAutoloadDump
> @php artisan package:discover --ansi

  [37;44m INFO [39;49m Discovering packages.  

  laravel/horizon [90m.[39m[90m.[39m[90m.[39m[90m.[39m[90m.[39m[90m.[39m[90m.[39m[90m.[39m[90m.[39m[90m.[39m[90m.[39m[90m.[39m[90m.[39m[90m.[39m[90m.[39m[90m.[39m[90m.[39m[90m.[39m[90m.[39m[90m.[39m[90m.[39m[90m.[39m[90m.[39m[90m.[39m[90m.[39m[90m.[39m[90m.[39m[90m.[39m[90m.[39m[90m.[39m[90m.[39m[90m.[39m[90m.[39m[90m.[39m[90m.[39m[90m.[39m[90m.[39m[90m.[39m[90m.[39m[90m.[39m[90m.[39m[90m.[39m[90m.[39m[90m.[39m[90m.[39m[90m.[39m[90m.[39m[90m.[39m[90m.[39m[90m.[39m[90m.[39m[90m.[39m[90m.[39m[90m.[39m[90m.[39m [32;1mDONE[39;22m
  laravel/sail [90m.[39m[90m.[39m[90m.[39m[90m.[39m[90m.[39m[90m.[39m[90m.[39m[90m.[39m[90m.[39m[90m.[39m[90m.[39m[90m.[39m[90m.[39m[90m.[39m[90m.[39m[90m.[39m[90m.[39m[90m.[39m[90m.[39m[90m.[39m[90m.[39m[90m.[39m[90m.[39m[90m.[39m[90m.[39m[90m.[39m[90m.[39m[90m.[39m[90m.[39m[90m.[39m[90m.[39m[90m.[39m[90m.[39m[90m.[39m[90m.[39m[90m.[39m[90m.[39m[90m.[39m[90m.[39m[90m.[39m[90m.[39m[90m.[39m[90m.[39m[90m.[39m[90m.[39m[90m.[39m[90m.[39m[90m.[39m[90m.[39m[90m.[39m[90m.[39m[90m.[39m[90m.[39m[90m.[39m[90m.[39m[90m.[39m[90m.[39m[90m.[39m [32;1mDONE[39;22m
  laravel/sanctum [90m.[39m[90m.[39m[90m.[39m[90m.[39m[90m.[39m[90m.[39m[90m.[39m[90m.[39m[90m.[39m[90m.[39m[90m.[39m[90m.[39m[90m.[39m[90m.[39m[90m.[39m[90m.[39m[90m.[39m[90m.[39m[90m.[39m[90m.[39m[90m.[39m[90m.[39m[90m.[39m[90m.[39m[90m.[39m[90m.[39m[90m.[39m[90m.[39m[90m.[39m[90m.[39m[90m.[39m[90m.[39m[90m.[39m[90m.[39m[90m.[39m[90m.[39m[90m.[39m[90m.[39m[90m.[39m[90m.[39m[90m.[39m[90m.[39m[90m.[39m[90m.[39m[90m.[39m[90m.[39m[90m.[39m[90m.[39m[90m.[39m[90m.[39m[90m.[39m[90m.[39m[90m.[39m[90m.[39m[90m.[39m [32;1mDONE[39;22m
  laravel/tinker [90m.[39m[90m.[39m[90m.[39m[90m.[39m[90m.[39m[90m.[39m[90m.[39m[90m.[39m[90m.[39m[90m.[39m[90m.[39m[90m.[39m[90m.[39m[90m.[39m[90m.[39m[90m.[39m[90m.[39m[90m.[39m[90m.[39m[90m.[39m[90m.[39m[90m.[39m[90m.[39m[90m.[39m[90m.[39m[90m.[39m[90m.[39m[90m.[39m[90m.[39m[90m.[39m[90m.[39m[90m.[39m[90m.[39m[90m.[39m[90m.[39m[90m.[39m[90m.[39m[90m.[39m[90m.[39m[90m.[39m[90m.[39m[90m.[39m[90m.[39m[90m.[39m[90m.[39m[90m.[39m[90m.[39m[90m.[39m[90m.[39m[90m.[39m[90m.[39m[90m.[39m[90m.[39m[90m.[39m[90m.[39m[90m.[39m [32;1mDONE[39;22m
  maatwebsite/excel [90m.[39m[90m.[39m[90m.[39m[90m.[39m[90m.[39m[90m.[39m[90m.[39m[90m.[39m[90m.[39m[90m.[39m[90m.[39m[90m.[39m[90m.[39m[90m.[39m[90m.[39m[90m.[39m[90m.[39m[90m.[39m[90m.[39m[90m.[39m[90m.[39m[90m.[39m[90m.[39m[90m.[39m[90m.[39m[90m.[39m[90m.[39m[90m.[39m[90m.[39m[90m.[39m[90m.[39m[90m.[39m[90m.[39m[90m.[39m[90m.[39m[90m.[39m[90m.[39m[90m.[39m[90m.[39m[90m.[39m[90m.[39m[90m.[39m[90m.[39m[90m.[39m[90m.[39m[90m.[39m[90m.[39m[90m.[39m[90m.[39m[90m.[39m[90m.[39m[90m.[39m[90m.[39m [32;1mDONE[39;22m
  nesbot/carbon [90m.[39m[90m.[39m[90m.[39m[90m.[39m[90m.[39m[90m.[39m[90m.[39m[90m.[39m[90m.[39m[90m.[39m[90m.[39m[90m.[39m[90m.[39m[90m.[39m[90m.[39m[90m.[39m[90m.[39m[90m.[39m[90m.[39m[90m.[39m[90m.[39m[90m.[39m[90m.[39m[90m.[39m[90m.[39m[90m.[39m[90m.[39m[90m.[39m[90m.[39m[90m.[39m[90m.[39m[90m.[39m[90m.[39m[90m.[39m[90m.[39m[90m.[39m[90m.[39m[90m.[39m[90m.[39m[90m.[39m[90m.[39m[90m.[39m[90m.[39m[90m.[39m[90m.[39m[90m.[39m[90m.[39m[90m.[39m[90m.[39m[90m.[39m[90m.[39m[90m.[39m[90m.[39m[90m.[39m[90m.[39m[90m.[39m[90m.[39m [32;1mDONE[39;22m
  nunomaduro/collision [90m.[39m[90m.[39m[90m.[39m[90m.[39m[90m.[39m[90m.[39m[90m.[39m[90m.[39m[90m.[39m[90m.[39m[90m.[39m[90m.[39m[90m.[39m[90m.[39m[90m.[39m[90m.[39m[90m.[39m[90m.[39m[90m.[39m[90m.[39m[90m.[39m[90m.[39m[90m.[39m[90m.[39m[90m.[39m[90m.[39m[90m.[39m[90m.[39m[90m.[39m[90m.[39m[90m.[39m[90m.[39m[90m.[39m[90m.[39m[90m.[39m[90m.[39m[90m.[39m[90m.[39m[90m.[39m[90m.[39m[90m.[39m[90m.[39m[90m.[39m[90m.[39m[90m.[39m[90m.[39m[90m.[39m[90m.[39m[90m.[39m[90m.[39m [32;1mDONE[39;22m
  nunomaduro/termwind [90m.[39m[90m.[39m[90m.[39m[90m.[39m[90m.[39m[90m.[39m[90m.[39m[90m.[39m[90m.[39m[90m.[39m[90m.[39m[90m.[39m[90m.[39m[90m.[39m[90m.[39m[90m.[39m[90m.[39m[90m.[39m[90m.[39m[90m.[39m[90m.[39m[90m.[39m[90m.[39m[90m.[39m[90m.[39m[90m.[39m[90m.[39m[90m.[39m[90m.[39m[90m.[39m[90m.[39m[90m.[39m[90m.[39m[90m.[39m[90m.[39m[90m.[39m[90m.[39m[90m.[39m[90m.[39m[90m.[39m[90m.[39m[90m.[39m[90m.[39m[90m.[39m[90m.[39m[90m.[39m[90m.[39m[90m.[39m[90m.[39m[90m.[39m[90m.[39m [32;1mDONE[39;22m
  spatie/laravel-ignition [90m.[39m[90m.[39m[90m.[39m[90m.[39m[90m.[39m[90m.[39m[90m.[39m[90m.[39m[90m.[39m[90m.[39m[90m.[39m[90m.[39m[90m.[39m[90m.[39m[90m.[39m[90m.[39m[90m.[39m[90m.[39m[90m.[39m[90m.[39m[90m.[39m[90m.[39m[90m.[39m[90m.[39m[90m.[39m[90m.[39m[90m.[39m[90m.[39m[90m.[39m[90m.[39m[90m.[39m[90m.[39m[90m.[39m[90m.[39m[90m.[39m[90m.[39m[90m.[39m[90m.[39m[90m.[39m[90m.[39m[90m.[39m[90m.[39m[90m.[39m[90m.[39m[90m.[39m[90m.[39m[90m.[39m [32;1mDONE[39;22m

91 packages you are using are looking for funding.
Use the `composer fund` command to find out more!
> @php artisan vendor:publish --tag=laravel-assets --ansi --force

  [37;44m INFO [39;49m No publishable resources for tag [1m[laravel-assets][22m.  

No security vulnerability advisories found.
